<?xml version="1.0" encoding="UTF-8"?>
<testsuite name="de.monticore.lang.sd4development._symboltable.deser.SD4DevelopmentDeSerTest" tests="3" skipped="0" failures="0" errors="0" timestamp="2024-01-19T11:03:06" hostname="Tuns-MacBook-Pro.local" time="0.059">
  <properties/>
  <testcase name="testSerializationDeserTest()" classname="de.monticore.lang.sd4development._symboltable.deser.SD4DevelopmentDeSerTest" time="0.024"/>
  <testcase name="testSerializationDeepUsage()" classname="de.monticore.lang.sd4development._symboltable.deser.SD4DevelopmentDeSerTest" time="0.022"/>
  <testcase name="[1] deser_test.sdsym" classname="de.monticore.lang.sd4development._symboltable.deser.SD4DevelopmentDeSerTest" time="0.01"/>
  <system-out><![CDATA[]]></system-out>
  <system-err><![CDATA[]]></system-err>
</testsuite>
