<?xml version="1.0" encoding="UTF-8"?>
<testsuite name="de.monticore.lang.sd4development.SD2CDGeneratorTest" tests="1" skipped="0" failures="0" errors="0" timestamp="2024-01-19T11:03:01" hostname="Tuns-MacBook-Pro.local" time="2.089">
  <properties/>
  <testcase name="testGenerate()" classname="de.monticore.lang.sd4development.SD2CDGeneratorTest" time="2.089"/>
  <system-out><![CDATA[]]></system-out>
  <system-err><![CDATA[]]></system-err>
</testsuite>
